# JRE version: OpenJDK Runtime Environment Temurin-17.0.4.1+1 (17.0.4.1+1) (build 17.0.4.1+1)
# Java VM: OpenJDK 64-Bit Server VM Temurin-17.0.4.1+1 (17.0.4.1+1, mixed mode, emulated-client, tiered, compressed oops, compressed class ptrs, g1 gc, windows-amd64)
GC Precious Log:
 CPUs: 8 total, 8 available
 Memory: 7973M
 Large Page Support: Disabled
 NUMA Support: Disabled
 Compressed Oops: Enabled (32-bit)
 Heap Region Size: 1M
 Heap Min Capacity: 8M
 Heap Initial Capacity: 126M
 Heap Max Capacity: 1994M
 Pre-touch: Disabled
 Parallel Workers: 8
 Concurrent Workers: 2
 Concurrent Refinement Workers: 8
 Periodic GC: Disabled
Heap:
 garbage-first heap   total 164864K, used 76349K [0x0000000083600000, 0x0000000100000000)
  region size 1024K, 4 young (4096K), 4 survivors (4096K)
 Metaspace       used 38770K, committed 39104K, reserved 1089536K
  class space    used 4895K, committed 5056K, reserved 1048576K
GC Heap History (20 events):
Event: 14.277 GC heap after
{Heap after GC invocations=12 (full 0):
 garbage-first heap   total 77824K, used 27193K [0x0000000083600000, 0x0000000100000000)
  region size 1024K, 2 young (2048K), 2 survivors (2048K)
 Metaspace       used 35357K, committed 35648K, reserved 1081344K
  class space    used 4580K, committed 4736K, reserved 1048576K
}
Event: 14.389 GC heap before
{Heap before GC invocations=13 (full 0):
 garbage-first heap   total 77824K, used 54841K [0x0000000083600000, 0x0000000100000000)
  region size 1024K, 29 young (29696K), 2 survivors (2048K)
 Metaspace       used 35477K, committed 35840K, reserved 1081344K
  class space    used 4604K, committed 4736K, reserved 1048576K
}
Event: 14.394 GC heap after
{Heap after GC invocations=14 (full 0):
 garbage-first heap   total 77824K, used 32065K [0x0000000083600000, 0x0000000100000000)
  region size 1024K, 4 young (4096K), 4 survivors (4096K)
 Metaspace       used 35477K, committed 35840K, reserved 1081344K
  class space    used 4604K, committed 4736K, reserved 1048576K
}
Event: 14.463 GC heap before
{Heap before GC invocations=14 (full 0):
 garbage-first heap   total 77824K, used 56641K [0x0000000083600000, 0x0000000100000000)
  region size 1024K, 28 young (28672K), 4 survivors (4096K)
 Metaspace       used 35733K, committed 36096K, reserved 1081344K
  class space    used 4636K, committed 4800K, reserved 1048576K
}
Event: 14.472 GC heap after
{Heap after GC invocations=15 (full 0):
 garbage-first heap   total 77824K, used 36815K [0x0000000083600000, 0x0000000100000000)
  region size 1024K, 4 young (4096K), 4 survivors (4096K)
 Metaspace       used 35733K, committed 36096K, reserved 1081344K
  class space    used 4636K, committed 4800K, reserved 1048576K
}
Event: 14.524 GC heap before
{Heap before GC invocations=15 (full 0):
 garbage-first heap   total 77824K, used 57295K [0x0000000083600000, 0x0000000100000000)
  region size 1024K, 25 young (25600K), 4 survivors (4096K)
 Metaspace       used 35853K, committed 36224K, reserved 1081344K
  class space    used 4646K, committed 4800K, reserved 1048576K
}
Event: 14.531 GC heap after
{Heap after GC invocations=16 (full 0):
 garbage-first heap   total 77824K, used 43511K [0x0000000083600000, 0x0000000100000000)
  region size 1024K, 4 young (4096K), 4 survivors (4096K)
 Metaspace       used 35853K, committed 36224K, reserved 1081344K
  class space    used 4646K, committed 4800K, reserved 1048576K
}
Event: 14.578 GC heap before
{Heap before GC invocations=16 (full 0):
 garbage-first heap   total 77824K, used 57847K [0x0000000083600000, 0x0000000100000000)
  region size 1024K, 19 young (19456K), 4 survivors (4096K)
 Metaspace       used 36106K, committed 36480K, reserved 1081344K
  class space    used 4655K, committed 4800K, reserved 1048576K
}
Event: 14.583 GC heap after
{Heap after GC invocations=17 (full 0):
 garbage-first heap   total 77824K, used 47104K [0x0000000083600000, 0x0000000100000000)
  region size 1024K, 3 young (3072K), 3 survivors (3072K)
 Metaspace       used 36106K, committed 36480K, reserved 1081344K
  class space    used 4655K, committed 4800K, reserved 1048576K
}
Event: 14.831 GC heap before
{Heap before GC invocations=18 (full 0):
 garbage-first heap   total 87040K, used 59392K [0x0000000083600000, 0x0000000100000000)
  region size 1024K, 16 young (16384K), 3 survivors (3072K)
 Metaspace       used 37514K, committed 37888K, reserved 1089536K
  class space    used 4752K, committed 4928K, reserved 1048576K
}
Event: 14.835 GC heap after
{Heap after GC invocations=19 (full 0):
 garbage-first heap   total 87040K, used 49358K [0x0000000083600000, 0x0000000100000000)
  region size 1024K, 2 young (2048K), 2 survivors (2048K)
 Metaspace       used 37514K, committed 37888K, reserved 1089536K
  class space    used 4752K, committed 4928K, reserved 1048576K
}
Event: 14.910 GC heap before
{Heap before GC invocations=19 (full 0):
 garbage-first heap   total 87040K, used 61646K [0x0000000083600000, 0x0000000100000000)
  region size 1024K, 16 young (16384K), 2 survivors (2048K)
 Metaspace       used 37797K, committed 38080K, reserved 1089536K
  class space    used 4781K, committed 4928K, reserved 1048576K
}
Event: 14.916 GC heap after
{Heap after GC invocations=20 (full 0):
 garbage-first heap   total 164864K, used 55033K [0x0000000083600000, 0x0000000100000000)
  region size 1024K, 3 young (3072K), 3 survivors (3072K)
 Metaspace       used 37797K, committed 38080K, reserved 1089536K
  class space    used 4781K, committed 4928K, reserved 1048576K
}
Event: 15.115 GC heap before
{Heap before GC invocations=20 (full 0):
 garbage-first heap   total 164864K, used 109305K [0x0000000083600000, 0x0000000100000000)
  region size 1024K, 55 young (56320K), 3 survivors (3072K)
 Metaspace       used 38559K, committed 38912K, reserved 1089536K
  class space    used 4863K, committed 5056K, reserved 1048576K
}
Event: 15.140 GC heap after
{Heap after GC invocations=21 (full 0):
 garbage-first heap   total 164864K, used 70429K [0x0000000083600000, 0x0000000100000000)
  region size 1024K, 7 young (7168K), 7 survivors (7168K)
 Metaspace       used 38559K, committed 38912K, reserved 1089536K
  class space    used 4863K, committed 5056K, reserved 1048576K
}
Event: 15.160 GC heap before
{Heap before GC invocations=21 (full 0):
 garbage-first heap   total 164864K, used 106269K [0x0000000083600000, 0x0000000100000000)
  region size 1024K, 43 young (44032K), 7 survivors (7168K)
 Metaspace       used 38665K, committed 38976K, reserved 1089536K
  class space    used 4876K, committed 5056K, reserved 1048576K
}
Event: 15.164 GC heap after
{Heap after GC invocations=22 (full 0):
 garbage-first heap   total 164864K, used 73154K [0x0000000083600000, 0x0000000100000000)
  region size 1024K, 3 young (3072K), 3 survivors (3072K)
 Metaspace       used 38665K, committed 38976K, reserved 1089536K
  class space    used 4876K, committed 5056K, reserved 1048576K
}
Event: 15.180 GC heap before
{Heap before GC invocations=22 (full 0):
 garbage-first heap   total 164864K, used 111042K [0x0000000083600000, 0x0000000100000000)
  region size 1024K, 41 young (41984K), 3 survivors (3072K)
 Metaspace       used 38699K, committed 39040K, reserved 1089536K
  class space    used 4884K, committed 5056K, reserved 1048576K
}
Event: 15.181 GC heap after
{Heap after GC invocations=23 (full 0):
 garbage-first heap   total 164864K, used 74354K [0x0000000083600000, 0x0000000100000000)
  region size 1024K, 4 young (4096K), 4 survivors (4096K)
 Metaspace       used 38699K, committed 39040K, reserved 1089536K
  class space    used 4884K, committed 5056K, reserved 1048576K
}
Event: 15.200 GC heap before
{Heap before GC invocations=23 (full 0):
 garbage-first heap   total 164864K, used 118386K [0x0000000083600000, 0x0000000100000000)
  region size 1024K, 48 young (49152K), 4 survivors (4096K)
 Metaspace       used 38770K, committed 39104K, reserved 1089536K
  class space    used 4895K, committed 5056K, reserved 1048576K
}

