# JRE version: OpenJDK Runtime Environment Temurin-17.0.4.1+1 (17.0.4.1+1) (build 17.0.4.1+1)
# Java VM: OpenJDK 64-Bit Server VM Temurin-17.0.4.1+1 (17.0.4.1+1, mixed mode, emulated-client, tiered, compressed oops, compressed class ptrs, g1 gc, windows-amd64)
GC Precious Log:
 CPUs: 8 total, 8 available
 Memory: 7973M
 Large Page Support: Disabled
 NUMA Support: Disabled
 Compressed Oops: Enabled (32-bit)
 Heap Region Size: 1M
 Heap Min Capacity: 8M
 Heap Initial Capacity: 126M
 Heap Max Capacity: 1994M
 Pre-touch: Disabled
 Parallel Workers: 8
 Concurrent Workers: 2
 Concurrent Refinement Workers: 8
 Periodic GC: Disabled
Heap:
 garbage-first heap   total 187392K, used 80685K [0x0000000083600000, 0x0000000100000000)
  region size 1024K, 6 young (6144K), 6 survivors (6144K)
 Metaspace       used 38818K, committed 39168K, reserved 1089536K
  class space    used 4903K, committed 5120K, reserved 1048576K
GC Heap History (20 events):
Event: 2.011 GC heap after
{Heap after GC invocations=7 (full 0):
 garbage-first heap   total 96256K, used 16384K [0x0000000083600000, 0x0000000100000000)
  region size 1024K, 3 young (3072K), 3 survivors (3072K)
 Metaspace       used 28124K, committed 28352K, reserved 1081344K
  class space    used 3514K, committed 3648K, reserved 1048576K
}
Event: 2.762 GC heap before
{Heap before GC invocations=7 (full 0):
 garbage-first heap   total 96256K, used 70656K [0x0000000083600000, 0x0000000100000000)
  region size 1024K, 56 young (57344K), 3 survivors (3072K)
 Metaspace       used 35342K, committed 35648K, reserved 1081344K
  class space    used 4576K, committed 4736K, reserved 1048576K
}
Event: 2.769 GC heap after
{Heap after GC invocations=8 (full 0):
 garbage-first heap   total 96256K, used 22024K [0x0000000083600000, 0x0000000100000000)
  region size 1024K, 7 young (7168K), 7 survivors (7168K)
 Metaspace       used 35342K, committed 35648K, reserved 1081344K
  class space    used 4576K, committed 4736K, reserved 1048576K
}
Event: 2.889 GC heap before
{Heap before GC invocations=8 (full 0):
 garbage-first heap   total 96256K, used 58888K [0x0000000083600000, 0x0000000100000000)
  region size 1024K, 45 young (46080K), 7 survivors (7168K)
 Metaspace       used 35767K, committed 36096K, reserved 1081344K
  class space    used 4638K, committed 4800K, reserved 1048576K
}
Event: 2.896 GC heap after
{Heap after GC invocations=9 (full 0):
 garbage-first heap   total 96256K, used 29633K [0x0000000083600000, 0x0000000100000000)
  region size 1024K, 7 young (7168K), 7 survivors (7168K)
 Metaspace       used 35767K, committed 36096K, reserved 1081344K
  class space    used 4638K, committed 4800K, reserved 1048576K
}
Event: 2.964 GC heap before
{Heap before GC invocations=10 (full 0):
 garbage-first heap   total 96256K, used 65473K [0x0000000083600000, 0x0000000100000000)
  region size 1024K, 43 young (44032K), 7 survivors (7168K)
 Metaspace       used 36335K, committed 36672K, reserved 1081344K
  class space    used 4673K, committed 4800K, reserved 1048576K
}
Event: 2.970 GC heap after
{Heap after GC invocations=11 (full 0):
 garbage-first heap   total 96256K, used 36105K [0x0000000083600000, 0x0000000100000000)
  region size 1024K, 6 young (6144K), 6 survivors (6144K)
 Metaspace       used 36335K, committed 36672K, reserved 1081344K
  class space    used 4673K, committed 4800K, reserved 1048576K
}
Event: 3.027 GC heap before
{Heap before GC invocations=11 (full 0):
 garbage-first heap   total 96256K, used 68873K [0x0000000083600000, 0x0000000100000000)
  region size 1024K, 38 young (38912K), 6 survivors (6144K)
 Metaspace       used 36835K, committed 37184K, reserved 1081344K
  class space    used 4726K, committed 4864K, reserved 1048576K
}
Event: 3.035 GC heap after
{Heap after GC invocations=12 (full 0):
 garbage-first heap   total 96256K, used 44888K [0x0000000083600000, 0x0000000100000000)
  region size 1024K, 5 young (5120K), 5 survivors (5120K)
 Metaspace       used 36835K, committed 37184K, reserved 1081344K
  class space    used 4726K, committed 4864K, reserved 1048576K
}
Event: 3.123 GC heap before
{Heap before GC invocations=12 (full 0):
 garbage-first heap   total 96256K, used 69464K [0x0000000083600000, 0x0000000100000000)
  region size 1024K, 30 young (30720K), 5 survivors (5120K)
 Metaspace       used 37796K, committed 38080K, reserved 1089536K
  class space    used 4778K, committed 4928K, reserved 1048576K
}
Event: 3.128 GC heap after
{Heap after GC invocations=13 (full 0):
 garbage-first heap   total 96256K, used 51622K [0x0000000083600000, 0x0000000100000000)
  region size 1024K, 4 young (4096K), 4 survivors (4096K)
 Metaspace       used 37796K, committed 38080K, reserved 1089536K
  class space    used 4778K, committed 4928K, reserved 1048576K
}
Event: 3.154 GC heap before
{Heap before GC invocations=13 (full 0):
 garbage-first heap   total 96256K, used 57766K [0x0000000083600000, 0x0000000100000000)
  region size 1024K, 12 young (12288K), 4 survivors (4096K)
 Metaspace       used 37973K, committed 38336K, reserved 1089536K
  class space    used 4795K, committed 4928K, reserved 1048576K
}
Event: 3.158 GC heap after
{Heap after GC invocations=14 (full 0):
 garbage-first heap   total 187392K, used 54375K [0x0000000083600000, 0x0000000100000000)
  region size 1024K, 3 young (3072K), 3 survivors (3072K)
 Metaspace       used 37973K, committed 38336K, reserved 1089536K
  class space    used 4795K, committed 4928K, reserved 1048576K
}
Event: 3.262 GC heap before
{Heap before GC invocations=14 (full 0):
 garbage-first heap   total 187392K, used 135271K [0x0000000083600000, 0x0000000100000000)
  region size 1024K, 81 young (82944K), 3 survivors (3072K)
 Metaspace       used 38697K, committed 39104K, reserved 1089536K
  class space    used 4886K, committed 5120K, reserved 1048576K
}
Event: 3.289 GC heap after
{Heap after GC invocations=15 (full 0):
 garbage-first heap   total 187392K, used 71283K [0x0000000083600000, 0x0000000100000000)
  region size 1024K, 11 young (11264K), 11 survivors (11264K)
 Metaspace       used 38697K, committed 39104K, reserved 1089536K
  class space    used 4886K, committed 5120K, reserved 1048576K
}
Event: 3.309 GC heap before
{Heap before GC invocations=15 (full 0):
 garbage-first heap   total 187392K, used 130675K [0x0000000083600000, 0x0000000100000000)
  region size 1024K, 70 young (71680K), 11 survivors (11264K)
 Metaspace       used 38712K, committed 39104K, reserved 1089536K
  class space    used 4888K, committed 5120K, reserved 1048576K
}
Event: 3.313 GC heap after
{Heap after GC invocations=16 (full 0):
 garbage-first heap   total 187392K, used 75685K [0x0000000083600000, 0x0000000100000000)
  region size 1024K, 4 young (4096K), 4 survivors (4096K)
 Metaspace       used 38712K, committed 39104K, reserved 1089536K
  class space    used 4888K, committed 5120K, reserved 1048576K
}
Event: 3.330 GC heap before
{Heap before GC invocations=16 (full 0):
 garbage-first heap   total 187392K, used 136101K [0x0000000083600000, 0x0000000100000000)
  region size 1024K, 64 young (65536K), 4 survivors (4096K)
 Metaspace       used 38722K, committed 39104K, reserved 1089536K
  class space    used 4889K, committed 5120K, reserved 1048576K
}
Event: 3.332 GC heap after
{Heap after GC invocations=17 (full 0):
 garbage-first heap   total 187392K, used 77279K [0x0000000083600000, 0x0000000100000000)
  region size 1024K, 6 young (6144K), 6 survivors (6144K)
 Metaspace       used 38722K, committed 39104K, reserved 1089536K
  class space    used 4889K, committed 5120K, reserved 1048576K
}
Event: 3.351 GC heap before
{Heap before GC invocations=17 (full 0):
 garbage-first heap   total 187392K, used 140767K [0x0000000083600000, 0x0000000100000000)
  region size 1024K, 69 young (70656K), 6 survivors (6144K)
 Metaspace       used 38818K, committed 39168K, reserved 1089536K
  class space    used 4903K, committed 5120K, reserved 1048576K
}

