# JRE version: OpenJDK Runtime Environment Temurin-17.0.4.1+1 (17.0.4.1+1) (build 17.0.4.1+1)
# Java VM: OpenJDK 64-Bit Server VM Temurin-17.0.4.1+1 (17.0.4.1+1, mixed mode, emulated-client, tiered, compressed oops, compressed class ptrs, g1 gc, windows-amd64)
GC Precious Log:
 CPUs: 8 total, 8 available
 Memory: 7973M
 Large Page Support: Disabled
 NUMA Support: Disabled
 Compressed Oops: Enabled (32-bit)
 Heap Region Size: 1M
 Heap Min Capacity: 8M
 Heap Initial Capacity: 126M
 Heap Max Capacity: 1994M
 Pre-touch: Disabled
 Parallel Workers: 8
 Concurrent Workers: 2
 Concurrent Refinement Workers: 8
 Periodic GC: Disabled
Heap:
 garbage-first heap   total 119808K, used 35119K [0x0000000083600000, 0x0000000100000000)
  region size 1024K, 1 young (1024K), 0 survivors (0K)
 Metaspace       used 55261K, committed 55680K, reserved 1097728K
  class space    used 7340K, committed 7552K, reserved 1048576K
GC Heap History (20 events):
Event: 101898.336 GC heap before
{Heap before GC invocations=9706 (full 9540):
 garbage-first heap   total 119808K, used 35119K [0x0000000083600000, 0x0000000100000000)
  region size 1024K, 1 young (1024K), 0 survivors (0K)
 Metaspace       used 55261K, committed 55680K, reserved 1097728K
  class space    used 7340K, committed 7552K, reserved 1048576K
}
Event: 101898.379 GC heap after
{Heap after GC invocations=9707 (full 9541):
 garbage-first heap   total 119808K, used 35119K [0x0000000083600000, 0x0000000100000000)
  region size 1024K, 0 young (0K), 0 survivors (0K)
 Metaspace       used 55261K, committed 55680K, reserved 1097728K
  class space    used 7340K, committed 7552K, reserved 1048576K
}
Event: 101908.507 GC heap before
{Heap before GC invocations=9707 (full 9541):
 garbage-first heap   total 119808K, used 35119K [0x0000000083600000, 0x0000000100000000)
  region size 1024K, 1 young (1024K), 0 survivors (0K)
 Metaspace       used 55261K, committed 55680K, reserved 1097728K
  class space    used 7340K, committed 7552K, reserved 1048576K
}
Event: 101908.555 GC heap after
{Heap after GC invocations=9708 (full 9542):
 garbage-first heap   total 119808K, used 35119K [0x0000000083600000, 0x0000000100000000)
  region size 1024K, 0 young (0K), 0 survivors (0K)
 Metaspace       used 55261K, committed 55680K, reserved 1097728K
  class space    used 7340K, committed 7552K, reserved 1048576K
}
Event: 101918.687 GC heap before
{Heap before GC invocations=9708 (full 9542):
 garbage-first heap   total 119808K, used 35119K [0x0000000083600000, 0x0000000100000000)
  region size 1024K, 1 young (1024K), 0 survivors (0K)
 Metaspace       used 55261K, committed 55680K, reserved 1097728K
  class space    used 7340K, committed 7552K, reserved 1048576K
}
Event: 101918.758 GC heap after
{Heap after GC invocations=9709 (full 9543):
 garbage-first heap   total 119808K, used 35119K [0x0000000083600000, 0x0000000100000000)
  region size 1024K, 0 young (0K), 0 survivors (0K)
 Metaspace       used 55261K, committed 55680K, reserved 1097728K
  class space    used 7340K, committed 7552K, reserved 1048576K
}
Event: 101928.886 GC heap before
{Heap before GC invocations=9709 (full 9543):
 garbage-first heap   total 119808K, used 35119K [0x0000000083600000, 0x0000000100000000)
  region size 1024K, 1 young (1024K), 0 survivors (0K)
 Metaspace       used 55261K, committed 55680K, reserved 1097728K
  class space    used 7340K, committed 7552K, reserved 1048576K
}
Event: 101928.970 GC heap after
{Heap after GC invocations=9710 (full 9544):
 garbage-first heap   total 119808K, used 35119K [0x0000000083600000, 0x0000000100000000)
  region size 1024K, 0 young (0K), 0 survivors (0K)
 Metaspace       used 55261K, committed 55680K, reserved 1097728K
  class space    used 7340K, committed 7552K, reserved 1048576K
}
Event: 101939.137 GC heap before
{Heap before GC invocations=9710 (full 9544):
 garbage-first heap   total 119808K, used 35119K [0x0000000083600000, 0x0000000100000000)
  region size 1024K, 1 young (1024K), 0 survivors (0K)
 Metaspace       used 55261K, committed 55680K, reserved 1097728K
  class space    used 7340K, committed 7552K, reserved 1048576K
}
Event: 101939.193 GC heap after
{Heap after GC invocations=9711 (full 9545):
 garbage-first heap   total 119808K, used 35119K [0x0000000083600000, 0x0000000100000000)
  region size 1024K, 0 young (0K), 0 survivors (0K)
 Metaspace       used 55261K, committed 55680K, reserved 1097728K
  class space    used 7340K, committed 7552K, reserved 1048576K
}
Event: 101949.355 GC heap before
{Heap before GC invocations=9711 (full 9545):
 garbage-first heap   total 119808K, used 35119K [0x0000000083600000, 0x0000000100000000)
  region size 1024K, 1 young (1024K), 0 survivors (0K)
 Metaspace       used 55261K, committed 55680K, reserved 1097728K
  class space    used 7340K, committed 7552K, reserved 1048576K
}
Event: 101949.417 GC heap after
{Heap after GC invocations=9712 (full 9546):
 garbage-first heap   total 119808K, used 35119K [0x0000000083600000, 0x0000000100000000)
  region size 1024K, 0 young (0K), 0 survivors (0K)
 Metaspace       used 55261K, committed 55680K, reserved 1097728K
  class space    used 7340K, committed 7552K, reserved 1048576K
}
Event: 101959.577 GC heap before
{Heap before GC invocations=9712 (full 9546):
 garbage-first heap   total 119808K, used 35119K [0x0000000083600000, 0x0000000100000000)
  region size 1024K, 1 young (1024K), 0 survivors (0K)
 Metaspace       used 55261K, committed 55680K, reserved 1097728K
  class space    used 7340K, committed 7552K, reserved 1048576K
}
Event: 101959.634 GC heap after
{Heap after GC invocations=9713 (full 9547):
 garbage-first heap   total 119808K, used 35119K [0x0000000083600000, 0x0000000100000000)
  region size 1024K, 0 young (0K), 0 survivors (0K)
 Metaspace       used 55261K, committed 55680K, reserved 1097728K
  class space    used 7340K, committed 7552K, reserved 1048576K
}
Event: 101969.772 GC heap before
{Heap before GC invocations=9713 (full 9547):
 garbage-first heap   total 119808K, used 35119K [0x0000000083600000, 0x0000000100000000)
  region size 1024K, 1 young (1024K), 0 survivors (0K)
 Metaspace       used 55261K, committed 55680K, reserved 1097728K
  class space    used 7340K, committed 7552K, reserved 1048576K
}
Event: 101969.827 GC heap after
{Heap after GC invocations=9714 (full 9548):
 garbage-first heap   total 119808K, used 35119K [0x0000000083600000, 0x0000000100000000)
  region size 1024K, 0 young (0K), 0 survivors (0K)
 Metaspace       used 55261K, committed 55680K, reserved 1097728K
  class space    used 7340K, committed 7552K, reserved 1048576K
}
Event: 101979.973 GC heap before
{Heap before GC invocations=9714 (full 9548):
 garbage-first heap   total 119808K, used 35119K [0x0000000083600000, 0x0000000100000000)
  region size 1024K, 1 young (1024K), 0 survivors (0K)
 Metaspace       used 55261K, committed 55680K, reserved 1097728K
  class space    used 7340K, committed 7552K, reserved 1048576K
}
Event: 101980.024 GC heap after
{Heap after GC invocations=9715 (full 9549):
 garbage-first heap   total 119808K, used 35119K [0x0000000083600000, 0x0000000100000000)
  region size 1024K, 0 young (0K), 0 survivors (0K)
 Metaspace       used 55261K, committed 55680K, reserved 1097728K
  class space    used 7340K, committed 7552K, reserved 1048576K
}
Event: 101990.165 GC heap before
{Heap before GC invocations=9715 (full 9549):
 garbage-first heap   total 119808K, used 35119K [0x0000000083600000, 0x0000000100000000)
  region size 1024K, 1 young (1024K), 0 survivors (0K)
 Metaspace       used 55261K, committed 55680K, reserved 1097728K
  class space    used 7340K, committed 7552K, reserved 1048576K
}
Event: 101990.223 GC heap after
{Heap after GC invocations=9716 (full 9550):
 garbage-first heap   total 119808K, used 35119K [0x0000000083600000, 0x0000000100000000)
  region size 1024K, 0 young (0K), 0 survivors (0K)
 Metaspace       used 55261K, committed 55680K, reserved 1097728K
  class space    used 7340K, committed 7552K, reserved 1048576K
}

