# JRE version: OpenJDK Runtime Environment Temurin-17.0.4.1+1 (17.0.4.1+1) (build 17.0.4.1+1)
# Java VM: OpenJDK 64-Bit Server VM Temurin-17.0.4.1+1 (17.0.4.1+1, mixed mode, emulated-client, tiered, compressed oops, compressed class ptrs, g1 gc, windows-amd64)
GC Precious Log:
 CPUs: 8 total, 8 available
 Memory: 7973M
 Large Page Support: Disabled
 NUMA Support: Disabled
 Compressed Oops: Enabled (32-bit)
 Heap Region Size: 1M
 Heap Min Capacity: 8M
 Heap Initial Capacity: 126M
 Heap Max Capacity: 1994M
 Pre-touch: Disabled
 Parallel Workers: 8
 Concurrent Workers: 2
 Concurrent Refinement Workers: 8
 Periodic GC: Disabled
Heap:
 garbage-first heap   total 141312K, used 73932K [0x0000000083600000, 0x0000000100000000)
  region size 1024K, 4 young (4096K), 4 survivors (4096K)
 Metaspace       used 38705K, committed 39104K, reserved 1089536K
  class space    used 4889K, committed 5120K, reserved 1048576K
GC Heap History (20 events):
Event: 2.575 GC heap after
{Heap after GC invocations=8 (full 0):
 garbage-first heap   total 77824K, used 18990K [0x0000000083600000, 0x0000000100000000)
  region size 1024K, 4 young (4096K), 4 survivors (4096K)
 Metaspace       used 34815K, committed 35200K, reserved 1081344K
  class space    used 4492K, committed 4672K, reserved 1048576K
}
Event: 2.692 GC heap before
{Heap before GC invocations=8 (full 0):
 garbage-first heap   total 77824K, used 51758K [0x0000000083600000, 0x0000000100000000)
  region size 1024K, 37 young (37888K), 4 survivors (4096K)
 Metaspace       used 35344K, committed 35648K, reserved 1081344K
  class space    used 4578K, committed 4736K, reserved 1048576K
}
Event: 2.698 GC heap after
{Heap after GC invocations=9 (full 0):
 garbage-first heap   total 77824K, used 25463K [0x0000000083600000, 0x0000000100000000)
  region size 1024K, 5 young (5120K), 5 survivors (5120K)
 Metaspace       used 35344K, committed 35648K, reserved 1081344K
  class space    used 4578K, committed 4736K, reserved 1048576K
}
Event: 2.763 GC heap before
{Heap before GC invocations=9 (full 0):
 garbage-first heap   total 77824K, used 44919K [0x0000000083600000, 0x0000000100000000)
  region size 1024K, 26 young (26624K), 5 survivors (5120K)
 Metaspace       used 35828K, committed 36160K, reserved 1081344K
  class space    used 4635K, committed 4800K, reserved 1048576K
}
Event: 2.768 GC heap after
{Heap after GC invocations=10 (full 0):
 garbage-first heap   total 77824K, used 29743K [0x0000000083600000, 0x0000000100000000)
  region size 1024K, 5 young (5120K), 5 survivors (5120K)
 Metaspace       used 35828K, committed 36160K, reserved 1081344K
  class space    used 4635K, committed 4800K, reserved 1048576K
}
Event: 2.827 GC heap before
{Heap before GC invocations=11 (full 0):
 garbage-first heap   total 77824K, used 55343K [0x0000000083600000, 0x0000000100000000)
  region size 1024K, 30 young (30720K), 5 survivors (5120K)
 Metaspace       used 36191K, committed 36544K, reserved 1081344K
  class space    used 4665K, committed 4800K, reserved 1048576K
}
Event: 2.832 GC heap after
{Heap after GC invocations=12 (full 0):
 garbage-first heap   total 77824K, used 33789K [0x0000000083600000, 0x0000000100000000)
  region size 1024K, 4 young (4096K), 4 survivors (4096K)
 Metaspace       used 36191K, committed 36544K, reserved 1081344K
  class space    used 4665K, committed 4800K, reserved 1048576K
}
Event: 2.884 GC heap before
{Heap before GC invocations=12 (full 0):
 garbage-first heap   total 77824K, used 56317K [0x0000000083600000, 0x0000000100000000)
  region size 1024K, 27 young (27648K), 4 survivors (4096K)
 Metaspace       used 36585K, committed 36928K, reserved 1081344K
  class space    used 4708K, committed 4864K, reserved 1048576K
}
Event: 2.889 GC heap after
{Heap after GC invocations=13 (full 0):
 garbage-first heap   total 77824K, used 39317K [0x0000000083600000, 0x0000000100000000)
  region size 1024K, 4 young (4096K), 4 survivors (4096K)
 Metaspace       used 36585K, committed 36928K, reserved 1081344K
  class space    used 4708K, committed 4864K, reserved 1048576K
}
Event: 2.925 GC heap before
{Heap before GC invocations=13 (full 0):
 garbage-first heap   total 77824K, used 57749K [0x0000000083600000, 0x0000000100000000)
  region size 1024K, 22 young (22528K), 4 survivors (4096K)
 Metaspace       used 36836K, committed 37184K, reserved 1081344K
  class space    used 4728K, committed 4864K, reserved 1048576K
}
Event: 2.931 GC heap after
{Heap after GC invocations=14 (full 0):
 garbage-first heap   total 141312K, used 44388K [0x0000000083600000, 0x0000000100000000)
  region size 1024K, 3 young (3072K), 3 survivors (3072K)
 Metaspace       used 36836K, committed 37184K, reserved 1081344K
  class space    used 4728K, committed 4864K, reserved 1048576K
}
Event: 3.126 GC heap before
{Heap before GC invocations=15 (full 0):
 garbage-first heap   total 141312K, used 97636K [0x0000000083600000, 0x0000000100000000)
  region size 1024K, 55 young (56320K), 3 survivors (3072K)
 Metaspace       used 38461K, committed 38848K, reserved 1089536K
  class space    used 4851K, committed 5056K, reserved 1048576K
}
Event: 3.140 GC heap after
{Heap after GC invocations=16 (full 0):
 garbage-first heap   total 141312K, used 60416K [0x0000000083600000, 0x0000000100000000)
  region size 1024K, 7 young (7168K), 7 survivors (7168K)
 Metaspace       used 38461K, committed 38848K, reserved 1089536K
  class space    used 4851K, committed 5056K, reserved 1048576K
}
Event: 3.188 GC heap before
{Heap before GC invocations=16 (full 0):
 garbage-first heap   total 141312K, used 99328K [0x0000000083600000, 0x0000000100000000)
  region size 1024K, 45 young (46080K), 7 survivors (7168K)
 Metaspace       used 38682K, committed 39104K, reserved 1089536K
  class space    used 4885K, committed 5120K, reserved 1048576K
}
Event: 3.206 GC heap after
{Heap after GC invocations=17 (full 0):
 garbage-first heap   total 141312K, used 68608K [0x0000000083600000, 0x0000000100000000)
  region size 1024K, 6 young (6144K), 6 survivors (6144K)
 Metaspace       used 38682K, committed 39104K, reserved 1089536K
  class space    used 4885K, committed 5120K, reserved 1048576K
}
Event: 3.224 GC heap before
{Heap before GC invocations=17 (full 0):
 garbage-first heap   total 141312K, used 102400K [0x0000000083600000, 0x0000000100000000)
  region size 1024K, 40 young (40960K), 6 survivors (6144K)
 Metaspace       used 38692K, committed 39104K, reserved 1089536K
  class space    used 4886K, committed 5120K, reserved 1048576K
}
Event: 3.235 GC heap after
{Heap after GC invocations=18 (full 0):
 garbage-first heap   total 141312K, used 71163K [0x0000000083600000, 0x0000000100000000)
  region size 1024K, 3 young (3072K), 3 survivors (3072K)
 Metaspace       used 38692K, committed 39104K, reserved 1089536K
  class space    used 4886K, committed 5120K, reserved 1048576K
}
Event: 3.252 GC heap before
{Heap before GC invocations=18 (full 0):
 garbage-first heap   total 141312K, used 104955K [0x0000000083600000, 0x0000000100000000)
  region size 1024K, 37 young (37888K), 3 survivors (3072K)
 Metaspace       used 38698K, committed 39104K, reserved 1089536K
  class space    used 4888K, committed 5120K, reserved 1048576K
}
Event: 3.254 GC heap after
{Heap after GC invocations=19 (full 0):
 garbage-first heap   total 141312K, used 72241K [0x0000000083600000, 0x0000000100000000)
  region size 1024K, 4 young (4096K), 4 survivors (4096K)
 Metaspace       used 38698K, committed 39104K, reserved 1089536K
  class space    used 4888K, committed 5120K, reserved 1048576K
}
Event: 3.280 GC heap before
{Heap before GC invocations=19 (full 0):
 garbage-first heap   total 141312K, used 108081K [0x0000000083600000, 0x0000000100000000)
  region size 1024K, 40 young (40960K), 4 survivors (4096K)
 Metaspace       used 38705K, committed 39104K, reserved 1089536K
  class space    used 4889K, committed 5120K, reserved 1048576K
}

