# JRE version: OpenJDK Runtime Environment Temurin-17.0.4.1+1 (17.0.4.1+1) (build 17.0.4.1+1)
# Java VM: OpenJDK 64-Bit Server VM Temurin-17.0.4.1+1 (17.0.4.1+1, mixed mode, emulated-client, tiered, compressed oops, compressed class ptrs, g1 gc, windows-amd64)
GC Precious Log:
 CPUs: 8 total, 8 available
 Memory: 7973M
 Large Page Support: Disabled
 NUMA Support: Disabled
 Compressed Oops: Enabled (32-bit)
 Heap Region Size: 1M
 Heap Min Capacity: 8M
 Heap Initial Capacity: 126M
 Heap Max Capacity: 1994M
 Pre-touch: Disabled
 Parallel Workers: 8
 Concurrent Workers: 2
 Concurrent Refinement Workers: 8
 Periodic GC: Disabled
Heap:
 garbage-first heap   total 257024K, used 92022K [0x0000000083600000, 0x0000000100000000)
  region size 1024K, 12 young (12288K), 12 survivors (12288K)
 Metaspace       used 39612K, committed 40000K, reserved 1089536K
  class space    used 4969K, committed 5184K, reserved 1048576K
GC Heap History (20 events):
Event: 2.850 GC heap after
{Heap after GC invocations=14 (full 0):
 garbage-first heap   total 128000K, used 42278K [0x0000000083600000, 0x0000000100000000)
  region size 1024K, 3 young (3072K), 3 survivors (3072K)
 Metaspace       used 36964K, committed 37312K, reserved 1081344K
  class space    used 4735K, committed 4864K, reserved 1048576K
}
Event: 3.035 GC heap before
{Heap before GC invocations=15 (full 0):
 garbage-first heap   total 128000K, used 86310K [0x0000000083600000, 0x0000000100000000)
  region size 1024K, 47 young (48128K), 3 survivors (3072K)
 Metaspace       used 38317K, committed 38656K, reserved 1089536K
  class space    used 4831K, committed 4992K, reserved 1048576K
}
Event: 3.044 GC heap after
{Heap after GC invocations=16 (full 0):
 garbage-first heap   total 128000K, used 50876K [0x0000000083600000, 0x0000000100000000)
  region size 1024K, 6 young (6144K), 6 survivors (6144K)
 Metaspace       used 38317K, committed 38656K, reserved 1089536K
  class space    used 4831K, committed 4992K, reserved 1048576K
}
Event: 3.136 GC heap before
{Heap before GC invocations=16 (full 0):
 garbage-first heap   total 128000K, used 91836K [0x0000000083600000, 0x0000000100000000)
  region size 1024K, 45 young (46080K), 6 survivors (6144K)
 Metaspace       used 38696K, committed 39104K, reserved 1089536K
  class space    used 4888K, committed 5120K, reserved 1048576K
}
Event: 3.162 GC heap after
{Heap after GC invocations=17 (full 0):
 garbage-first heap   total 128000K, used 68071K [0x0000000083600000, 0x0000000100000000)
  region size 1024K, 6 young (6144K), 6 survivors (6144K)
 Metaspace       used 38696K, committed 39104K, reserved 1089536K
  class space    used 4888K, committed 5120K, reserved 1048576K
}
Event: 3.183 GC heap before
{Heap before GC invocations=17 (full 0):
 garbage-first heap   total 128000K, used 92647K [0x0000000083600000, 0x0000000100000000)
  region size 1024K, 31 young (31744K), 6 survivors (6144K)
 Metaspace       used 38707K, committed 39104K, reserved 1089536K
  class space    used 4890K, committed 5120K, reserved 1048576K
}
Event: 3.186 GC heap after
{Heap after GC invocations=18 (full 0):
 garbage-first heap   total 128000K, used 70948K [0x0000000083600000, 0x0000000100000000)
  region size 1024K, 2 young (2048K), 2 survivors (2048K)
 Metaspace       used 38707K, committed 39104K, reserved 1089536K
  class space    used 4890K, committed 5120K, reserved 1048576K
}
Event: 3.202 GC heap before
{Heap before GC invocations=18 (full 0):
 garbage-first heap   total 128000K, used 95524K [0x0000000083600000, 0x0000000100000000)
  region size 1024K, 27 young (27648K), 2 survivors (2048K)
 Metaspace       used 38764K, committed 39168K, reserved 1089536K
  class space    used 4899K, committed 5120K, reserved 1048576K
}
Event: 3.204 GC heap after
{Heap after GC invocations=19 (full 0):
 garbage-first heap   total 128000K, used 71863K [0x0000000083600000, 0x0000000100000000)
  region size 1024K, 3 young (3072K), 3 survivors (3072K)
 Metaspace       used 38764K, committed 39168K, reserved 1089536K
  class space    used 4899K, committed 5120K, reserved 1048576K
}
Event: 3.213 GC heap before
{Heap before GC invocations=19 (full 0):
 garbage-first heap   total 128000K, used 97463K [0x0000000083600000, 0x0000000100000000)
  region size 1024K, 29 young (29696K), 3 survivors (3072K)
 Metaspace       used 38764K, committed 39168K, reserved 1089536K
  class space    used 4899K, committed 5120K, reserved 1048576K
}
Event: 3.216 GC heap after
{Heap after GC invocations=20 (full 0):
 garbage-first heap   total 257024K, used 72863K [0x0000000083600000, 0x0000000100000000)
  region size 1024K, 3 young (3072K), 3 survivors (3072K)
 Metaspace       used 38764K, committed 39168K, reserved 1089536K
  class space    used 4899K, committed 5120K, reserved 1048576K
}
Event: 3.287 GC heap before
{Heap before GC invocations=20 (full 0):
 garbage-first heap   total 257024K, used 169119K [0x0000000083600000, 0x0000000100000000)
  region size 1024K, 99 young (101376K), 3 survivors (3072K)
 Metaspace       used 38808K, committed 39168K, reserved 1089536K
  class space    used 4903K, committed 5120K, reserved 1048576K
}
Event: 3.291 GC heap after
{Heap after GC invocations=21 (full 0):
 garbage-first heap   total 257024K, used 76248K [0x0000000083600000, 0x0000000100000000)
  region size 1024K, 7 young (7168K), 7 survivors (7168K)
 Metaspace       used 38808K, committed 39168K, reserved 1089536K
  class space    used 4903K, committed 5120K, reserved 1048576K
}
Event: 3.340 GC heap before
{Heap before GC invocations=22 (full 0):
 garbage-first heap   total 257024K, used 192984K [0x0000000083600000, 0x0000000100000000)
  region size 1024K, 122 young (124928K), 7 survivors (7168K)
 Metaspace       used 38808K, committed 39168K, reserved 1089536K
  class space    used 4903K, committed 5120K, reserved 1048576K
}
Event: 3.345 GC heap after
{Heap after GC invocations=23 (full 0):
 garbage-first heap   total 257024K, used 81541K [0x0000000083600000, 0x0000000100000000)
  region size 1024K, 12 young (12288K), 12 survivors (12288K)
 Metaspace       used 38808K, committed 39168K, reserved 1089536K
  class space    used 4903K, committed 5120K, reserved 1048576K
}
Event: 3.347 GC heap before
{Heap before GC invocations=23 (full 0):
 garbage-first heap   total 257024K, used 83589K [0x0000000083600000, 0x0000000100000000)
  region size 1024K, 15 young (15360K), 12 survivors (12288K)
 Metaspace       used 38808K, committed 39168K, reserved 1089536K
  class space    used 4903K, committed 5120K, reserved 1048576K
}
Event: 3.353 GC heap after
{Heap after GC invocations=24 (full 0):
 garbage-first heap   total 257024K, used 82031K [0x0000000083600000, 0x0000000100000000)
  region size 1024K, 2 young (2048K), 2 survivors (2048K)
 Metaspace       used 38808K, committed 39168K, reserved 1089536K
  class space    used 4903K, committed 5120K, reserved 1048576K
}
Event: 3.425 GC heap before
{Heap before GC invocations=24 (full 0):
 garbage-first heap   total 257024K, used 200815K [0x0000000083600000, 0x0000000100000000)
  region size 1024K, 119 young (121856K), 2 survivors (2048K)
 Metaspace       used 38867K, committed 39296K, reserved 1089536K
  class space    used 4915K, committed 5120K, reserved 1048576K
}
Event: 3.431 GC heap after
{Heap after GC invocations=25 (full 0):
 garbage-first heap   total 257024K, used 87666K [0x0000000083600000, 0x0000000100000000)
  region size 1024K, 8 young (8192K), 8 survivors (8192K)
 Metaspace       used 38867K, committed 39296K, reserved 1089536K
  class space    used 4915K, committed 5120K, reserved 1048576K
}
Event: 3.521 GC heap before
{Heap before GC invocations=25 (full 0):
 garbage-first heap   total 257024K, used 203378K [0x0000000083600000, 0x0000000100000000)
  region size 1024K, 122 young (124928K), 8 survivors (8192K)
 Metaspace       used 39612K, committed 40000K, reserved 1089536K
  class space    used 4969K, committed 5184K, reserved 1048576K
}

